#-----------------------------------------------------------
# Vivado v2016.4 (64-bit)
# SW Build 1756540 on Mon Jan 23 19:11:23 MST 2017
# IP Build 1755317 on Mon Jan 23 20:30:07 MST 2017
# Start of session at: Wed May 10 10:02:55 2023
# Process ID: 9872
# Current directory: C:/Users/robert/Desktop/MIPS_PIPELINE
# Command line: vivado.exe -gui_launcher_event rodinguilauncherevent15800 C:\Users\robert\Desktop\MIPS_PIPELINE\mips_ciclu_unic.xpr
# Log file: C:/Users/robert/Desktop/MIPS_PIPELINE/vivado.log
# Journal file: C:/Users/robert/Desktop/MIPS_PIPELINE\vivado.jou
#-----------------------------------------------------------
start_gui
open_project C:/Users/robert/Desktop/MIPS_PIPELINE/mips_ciclu_unic.xpr
INFO: [Project 1-313] Project file moved from 'C:/Users/robert/mips_ciclu_unic' since last save.
Scanning sources...
Finished scanning sources
INFO: [IP_Flow 19-234] Refreshing IP repositories
INFO: [IP_Flow 19-1704] No user IP repositories specified
INFO: [IP_Flow 19-2313] Loaded Vivado IP repository 'C:/Xilinx/Vivado/2016.4/data/ip'.
exit
INFO: [Common 17-206] Exiting Vivado at Wed May 10 10:03:20 2023...
