Copyright 1986-2016 Xilinx, Inc. All Rights Reserved.
----------------------------------------------------------------------------------------------------------------------------------
| Tool Version     : Vivado v.2016.4 (win64) Build 1756540 Mon Jan 23 19:11:23 MST 2017
| Date             : Tue May 09 19:05:37 2023
| Host             : DESKTOP-D9R5RVI running 64-bit major release  (build 9200)
| Command          : report_power -file main_power_routed.rpt -pb main_power_summary_routed.pb -rpx main_power_routed.rpx
| Design           : main
| Device           : xc7a35tcpg236-1
| Design State     : routed
| Grade            : commercial
| Process          : typical
| Characterization : Production
----------------------------------------------------------------------------------------------------------------------------------

Power Report

Table of Contents
-----------------
1. Summary
1.1 On-Chip Components
1.2 Power Supply Summary
1.3 Confidence Level
2. Settings
2.1 Environment
2.2 Clock Constraints
3. Detailed Reports
3.1 By Hierarchy

1. Summary
----------

+--------------------------+----------------------------------+
| Total On-Chip Power (W)  | 24.482 (Junction temp exceeded!) |
| Dynamic (W)              | 23.996                           |
| Device Static (W)        | 0.486                            |
| Effective TJA (C/W)      | 5.0                              |
| Max Ambient (C)          | 0.0                              |
| Junction Temperature (C) | 125.0                            |
| Confidence Level         | Low                              |
| Setting File             | ---                              |
| Simulation Activity File | ---                              |
| Design Nets Matched      | NA                               |
+--------------------------+----------------------------------+


1.1 On-Chip Components
----------------------

+--------------------------+-----------+----------+-----------+-----------------+
| On-Chip                  | Power (W) | Used     | Available | Utilization (%) |
+--------------------------+-----------+----------+-----------+-----------------+
| Slice Logic              |     1.312 |      731 |       --- |             --- |
|   LUT as Logic           |     0.898 |      244 |     20800 |            1.17 |
|   LUT as Distributed RAM |     0.237 |      104 |      9600 |            1.08 |
|   CARRY4                 |     0.083 |       20 |      8150 |            0.25 |
|   Register               |     0.066 |      250 |     41600 |            0.60 |
|   F7/F8 Muxes            |     0.022 |       48 |     32600 |            0.15 |
|   BUFG                   |     0.006 |        1 |        32 |            3.13 |
|   LUT as Shift Register  |    <0.001 |        2 |      9600 |            0.02 |
|   Others                 |     0.000 |       12 |       --- |             --- |
| Signals                  |     1.785 |      545 |       --- |             --- |
| I/O                      |    20.899 |       33 |       106 |           31.13 |
| Static Power             |     0.486 |          |           |                 |
| Total                    |    24.482 |          |           |                 |
+--------------------------+-----------+----------+-----------+-----------------+


1.2 Power Supply Summary
------------------------

+-----------+-------------+-----------+-------------+------------+
| Source    | Voltage (V) | Total (A) | Dynamic (A) | Static (A) |
+-----------+-------------+-----------+-------------+------------+
| Vccint    |       1.000 |     3.462 |       3.121 |      0.341 |
| Vccaux    |       1.800 |     0.818 |       0.765 |      0.053 |
| Vcco33    |       3.300 |     5.909 |       5.908 |      0.001 |
| Vcco25    |       2.500 |     0.000 |       0.000 |      0.000 |
| Vcco18    |       1.800 |     0.000 |       0.000 |      0.000 |
| Vcco15    |       1.500 |     0.000 |       0.000 |      0.000 |
| Vcco135   |       1.350 |     0.000 |       0.000 |      0.000 |
| Vcco12    |       1.200 |     0.000 |       0.000 |      0.000 |
| Vccaux_io |       1.800 |     0.000 |       0.000 |      0.000 |
| Vccbram   |       1.000 |     0.010 |       0.000 |      0.010 |
| MGTAVcc   |       1.000 |     0.000 |       0.000 |      0.000 |
| MGTAVtt   |       1.200 |     0.000 |       0.000 |      0.000 |
| Vccadc    |       1.800 |     0.020 |       0.000 |      0.020 |
+-----------+-------------+-----------+-------------+------------+


1.3 Confidence Level
--------------------

+-----------------------------+------------+--------------------------------------------------------+--------------------------------------------------------------------------------------------------------------------+
| User Input Data             | Confidence | Details                                                | Action                                                                                                             |
+-----------------------------+------------+--------------------------------------------------------+--------------------------------------------------------------------------------------------------------------------+
| Design implementation state | High       | Design is routed                                       |                                                                                                                    |
| Clock nodes activity        | Low        | User specified less than 75% of clocks                 | Provide missing clock activity with a constraint file, simulation results or by editing the "By Clock Domain" view |
| I/O nodes activity          | Low        | More than 75% of inputs are missing user specification | Provide missing input activity with simulation results or by editing the "By Resource Type -> I/Os" view           |
| Internal nodes activity     | Medium     | User specified less than 25% of internal nodes         | Provide missing internal nodes activity with simulation results or by editing the "By Resource Type" views         |
| Device models               | High       | Device models are Production                           |                                                                                                                    |
|                             |            |                                                        |                                                                                                                    |
| Overall confidence level    | Low        |                                                        |                                                                                                                    |
+-----------------------------+------------+--------------------------------------------------------+--------------------------------------------------------------------------------------------------------------------+


2. Settings
-----------

2.1 Environment
---------------

+-----------------------+--------------------------+
| Ambient Temp (C)      | 25.0                     |
| ThetaJA (C/W)         | 5.0                      |
| Airflow (LFM)         | 250                      |
| Heat Sink             | medium (Medium Profile)  |
| ThetaSA (C/W)         | 4.6                      |
| Board Selection       | medium (10"x10")         |
| # of Board Layers     | 12to15 (12 to 15 Layers) |
| Board Temperature (C) | 25.0                     |
+-----------------------+--------------------------+


2.2 Clock Constraints
---------------------

+-------+--------+-----------------+
| Clock | Domain | Constraint (ns) |
+-------+--------+-----------------+


3. Detailed Reports
-------------------

3.1 By Hierarchy
----------------

+-------------------------------+-----------+
| Name                          | Power (W) |
+-------------------------------+-----------+
| main                          |    23.996 |
|   EXX                         |     0.583 |
|   IDD                         |     0.272 |
|     reg_file_reg_r1_0_7_0_5   |     0.030 |
|     reg_file_reg_r1_0_7_12_15 |     0.020 |
|     reg_file_reg_r1_0_7_6_11  |     0.030 |
|     reg_file_reg_r2_0_7_0_5   |     0.036 |
|     reg_file_reg_r2_0_7_12_15 |     0.020 |
|     reg_file_reg_r2_0_7_6_11  |     0.030 |
|   IFf                         |     0.368 |
|   MEMM                        |     0.340 |
|     RAM_reg_0_15_0_0          |     0.001 |
|     RAM_reg_0_15_0_0__0       |     0.001 |
|     RAM_reg_0_15_0_0__1       |     0.001 |
|     RAM_reg_0_15_0_0__10      |     0.001 |
|     RAM_reg_0_15_0_0__11      |     0.001 |
|     RAM_reg_0_15_0_0__12      |    <0.001 |
|     RAM_reg_0_15_0_0__13      |     0.001 |
|     RAM_reg_0_15_0_0__14      |     0.002 |
|     RAM_reg_0_15_0_0__2       |     0.002 |
|     RAM_reg_0_15_0_0__3       |    <0.001 |
|     RAM_reg_0_15_0_0__4       |     0.001 |
|     RAM_reg_0_15_0_0__5       |     0.002 |
|     RAM_reg_0_15_0_0__6       |     0.001 |
|     RAM_reg_0_15_0_0__7       |    <0.001 |
|     RAM_reg_0_15_0_0__8       |     0.002 |
|     RAM_reg_0_15_0_0__9       |     0.001 |
|     RAM_reg_0_255_0_0         |     0.020 |
|     RAM_reg_0_255_10_10       |     0.011 |
|     RAM_reg_0_255_11_11       |     0.010 |
|     RAM_reg_0_255_12_12       |     0.011 |
|     RAM_reg_0_255_13_13       |     0.011 |
|     RAM_reg_0_255_14_14       |     0.012 |
|     RAM_reg_0_255_15_15       |     0.012 |
|     RAM_reg_0_255_1_1         |     0.012 |
|     RAM_reg_0_255_2_2         |     0.010 |
|     RAM_reg_0_255_3_3         |     0.012 |
|     RAM_reg_0_255_4_4         |     0.010 |
|     RAM_reg_0_255_5_5         |     0.010 |
|     RAM_reg_0_255_6_6         |     0.011 |
|     RAM_reg_0_255_7_7         |     0.011 |
|     RAM_reg_0_255_8_8         |     0.011 |
|     RAM_reg_0_255_9_9         |     0.011 |
|   MPG1                        |     0.080 |
|   MPG2                        |    <0.001 |
|   display                     |     0.294 |
+-------------------------------+-----------+


